<?xml version="1.0" encoding="UTF-8"?>
<testsuite xmlns:xsi="http://www.w3.org/2001/XMLSchema-instance" xsi:noNamespaceSchemaLocation="https://maven.apache.org/surefire/maven-surefire-plugin/xsd/surefire-test-report-3.0.xsd" version="3.0" name="com.hrms.HrmsApplicationTests" time="29.905" tests="3" errors="0" skipped="0" failures="0">
  <properties>
[...]
</properties>
  <testcase name="employeeLoginTest" classname="com.hrms.HrmsApplicationTests" time="3.108">
    <system-out><![CDATA[01:19:38.435 [main] INFO org.springframework.test.context.support.AnnotationConfigContextLoaderUtils -- Could not detect default configuration classes for test class [com.hrms.HrmsApplicationTests]: HrmsApplicationTests does not declare any static, non-private, non-final, nested classes annotated with @Configuration.
01:19:38.715 [main] INFO org.springframework.boot.test.context.SpringBootTestContextBootstrapper -- Found @SpringBootConfiguration com.hrms.HrmsApplication for test class com.hrms.HrmsApplicationTests

  .   ____          _            __ _ _
 /\\ / ___'_ __ _ _(_)_ __  __ _ \ \ \ \
( ( )\___ | '_ | '_| | '_ \/ _` | \ \ \ \
 \\/  ___)| |_)| | | | | || (_| |  ) ) ) )
  '  |____| .__|_| |_|_| |_\__, | / / / /
 =========|_|==============|___/=/_/_/_/
 :: Spring Boot ::                (v3.2.5)

2026-06-30T01:19:40.155+05:30  INFO 2492 --- [hrms-backend] [           main] com.hrms.HrmsApplicationTests            : Starting HrmsApplicationTests using Java 21.0.11 with PID 2492 (started by hussa in E:\SaiTechProject\hrms-backend\hrms)
2026-06-30T01:19:40.159+05:30  INFO 2492 --- [hrms-backend] [           main] com.hrms.HrmsApplicationTests            : The following 1 profile is active: "test"
2026-06-30T01:19:43.678+05:30  INFO 2492 --- [hrms-backend] [           main] .s.d.r.c.RepositoryConfigurationDelegate : Bootstrapping Spring Data JPA repositories in DEFAULT mode.
2026-06-30T01:19:44.245+05:30  INFO 2492 --- [hrms-backend] [           main] .s.d.r.c.RepositoryConfigurationDelegate : Finished Spring Data repository scanning in 543 ms. Found 11 JPA repository interfaces.
2026-06-30T01:19:46.499+05:30  INFO 2492 --- [hrms-backend] [           main] o.hibernate.jpa.internal.util.LogHelper  : HHH000204: Processing PersistenceUnitInfo [name: default]
2026-06-30T01:19:46.735+05:30  INFO 2492 --- [hrms-backend] [           main] org.hibernate.Version                    : HHH000412: Hibernate ORM core version 6.4.4.Final
2026-06-30T01:19:46.892+05:30  INFO 2492 --- [hrms-backend] [           main] o.h.c.internal.RegionFactoryInitiator    : HHH000026: Second-level cache disabled
2026-06-30T01:19:48.010+05:30  INFO 2492 --- [hrms-backend] [           main] o.s.o.j.p.SpringPersistenceUnitInfo      : No LoadTimeWeaver setup: ignoring JPA class transformer
2026-06-30T01:19:48.103+05:30  INFO 2492 --- [hrms-backend] [           main] com.zaxxer.hikari.HikariDataSource       : HikariPool-1 - Starting...
2026-06-30T01:19:49.219+05:30  INFO 2492 --- [hrms-backend] [           main] com.zaxxer.hikari.pool.HikariPool        : HikariPool-1 - Added connection com.mysql.cj.jdbc.ConnectionImpl@190bf8e4
2026-06-30T01:19:49.224+05:30  INFO 2492 --- [hrms-backend] [           main] com.zaxxer.hikari.HikariDataSource       : HikariPool-1 - Start completed.
2026-06-30T01:19:53.028+05:30  INFO 2492 --- [hrms-backend] [           main] o.h.e.t.j.p.i.JtaPlatformInitiator       : HHH000489: No JTA platform available (set 'hibernate.transaction.jta.platform' to enable JTA platform integration)
2026-06-30T01:19:53.555+05:30  INFO 2492 --- [hrms-backend] [           main] j.LocalContainerEntityManagerFactoryBean : Initialized JPA EntityManagerFactory for persistence unit 'default'
2026-06-30T01:19:54.310+05:30  INFO 2492 --- [hrms-backend] [           main] o.s.d.j.r.query.QueryEnhancerFactory     : Hibernate is in classpath; If applicable, HQL parser will be used.
2026-06-30T01:20:00.265+05:30  INFO 2492 --- [hrms-backend] [           main] o.s.s.web.DefaultSecurityFilterChain     : Will secure any request with [org.springframework.security.web.session.DisableEncodeUrlFilter@2ba8f528, org.springframework.security.web.context.request.async.WebAsyncManagerIntegrationFilter@1c84d89e, org.springframework.security.web.context.SecurityContextHolderFilter@cd68b88, org.springframework.security.web.header.HeaderWriterFilter@4acdc330, org.springframework.web.filter.CorsFilter@66009368, org.springframework.security.web.authentication.logout.LogoutFilter@7150439c, org.springframework.security.oauth2.client.web.OAuth2AuthorizationRequestRedirectFilter@22717282, org.springframework.security.oauth2.client.web.OAuth2LoginAuthenticationFilter@160423e0, com.hrms.security.JwtAuthFilter@62225578, org.springframework.security.web.authentication.ui.DefaultLoginPageGeneratingFilter@48a7902f, org.springframework.security.web.authentication.ui.DefaultLogoutPageGeneratingFilter@5bbda7e2, org.springframework.security.web.savedrequest.RequestCacheAwareFilter@27b5c8d0, org.springframework.security.web.servletapi.SecurityContextHolderAwareRequestFilter@59a9f3eb, org.springframework.security.web.authentication.AnonymousAuthenticationFilter@37500808, org.springframework.security.web.session.SessionManagementFilter@39198a86, org.springframework.security.web.access.ExceptionTranslationFilter@79ec9d81, org.springframework.security.web.access.intercept.AuthorizationFilter@411b4a70]
2026-06-30T01:20:01.926+05:30  INFO 2492 --- [hrms-backend] [           main] AbstractAzureServiceClientBuilderFactory : Will configure the default credential of type DefaultAzureCredential for class com.azure.identity.DefaultAzureCredentialBuilder.
2026-06-30T01:20:02.134+05:30  WARN 2492 --- [hrms-backend] [           main] c.a.c.http.netty.implementation.Utility  : The following Netty dependencies have versions that do not match the versions specified in the azure-core-http-netty pom.xml file. This may result in unexpected behavior. If your application runs without issue this message can be ignored, otherwise please update the Netty dependencies to match the versions specified in the pom.xml file. Versions found in runtime: 'io.netty:netty-common' version: 4.1.109.Final (expected: 4.1.101.Final),'io.netty:netty-handler' version: 4.1.109.Final (expected: 4.1.101.Final),'io.netty:netty-handler-proxy' version: 4.1.109.Final (expected: 4.1.101.Final),'io.netty:netty-buffer' version: 4.1.109.Final (expected: 4.1.101.Final),'io.netty:netty-codec' version: 4.1.109.Final (expected: 4.1.101.Final),'io.netty:netty-codec-http' version: 4.1.109.Final (expected: 4.1.101.Final),'io.netty:netty-codec-http2' version: 4.1.109.Final (expected: 4.1.101.Final),'io.netty:netty-transport-native-unix-common' version: 4.1.109.Final (expected: 4.1.101.Final),'io.netty:netty-transport-native-epoll' version: 4.1.109.Final (expected: 4.1.101.Final),'io.netty:netty-transport-native-kqueue' version: 4.1.109.Final (expected: 4.1.101.Final)
2026-06-30T01:20:03.026+05:30  INFO 2492 --- [hrms-backend] [           main] com.hrms.HrmsApplicationTests            : Started HrmsApplicationTests in 23.819 seconds (process running for 28.895)
Hibernate: 
    select
        e1_0.id 
    from
        employees e1_0 
    where
        e1_0.email=? 
    limit
        ?
Hibernate: 
    insert 
    into
        employees
        (active, azure_oid, basic_salary, created_at, date_of_birth, date_of_joining, department, designation, email, employee_id, first_name, last_name, password, phone, profile_picture, role, updated_at) 
    values
        (?, ?, ?, ?, ?, ?, ?, ?, ?, ?, ?, ?, ?, ?, ?, ?, ?)
2026-06-30T01:20:03.866+05:30  INFO 2492 --- [hrms-backend] [           main] com.hrms.config.DataSeeder               : ✅ ADMIN seeded: admin@hrms.com / Admin@123  →  loginType: ADMIN
Hibernate: 
    select
        e1_0.id 
    from
        employees e1_0 
    where
        e1_0.email=? 
    limit
        ?
Hibernate: 
    insert 
    into
        employees
        (active, azure_oid, basic_salary, created_at, date_of_birth, date_of_joining, department, designation, email, employee_id, first_name, last_name, password, phone, profile_picture, role, updated_at) 
    values
        (?, ?, ?, ?, ?, ?, ?, ?, ?, ?, ?, ?, ?, ?, ?, ?, ?)
2026-06-30T01:20:04.004+05:30  INFO 2492 --- [hrms-backend] [           main] com.hrms.config.DataSeeder               : ✅ HR seeded: hr@hrms.com / Hr@12345  →  loginType: ADMIN
Hibernate: 
    select
        e1_0.id 
    from
        employees e1_0 
    where
        e1_0.email=? 
    limit
        ?
Hibernate: 
    insert 
    into
        employees
        (active, azure_oid, basic_salary, created_at, date_of_birth, date_of_joining, department, designation, email, employee_id, first_name, last_name, password, phone, profile_picture, role, updated_at) 
    values
        (?, ?, ?, ?, ?, ?, ?, ?, ?, ?, ?, ?, ?, ?, ?, ?, ?)
2026-06-30T01:20:04.172+05:30  INFO 2492 --- [hrms-backend] [           main] com.hrms.config.DataSeeder               : ✅ EMPLOYEE seeded: emp@hrms.com / Emp@12345  →  loginType: EMPLOYEE
Hibernate: 
    select
        e1_0.id,
        e1_0.active,
        e1_0.azure_oid,
        e1_0.basic_salary,
        e1_0.created_at,
        e1_0.date_of_birth,
        e1_0.date_of_joining,
        e1_0.department,
        e1_0.designation,
        e1_0.email,
        e1_0.employee_id,
        e1_0.first_name,
        e1_0.last_name,
        e1_0.password,
        e1_0.phone,
        e1_0.profile_picture,
        e1_0.role,
        e1_0.updated_at 
    from
        employees e1_0 
    where
        e1_0.email=?
Hibernate: 
    select
        e1_0.id,
        e1_0.active,
        e1_0.azure_oid,
        e1_0.basic_salary,
        e1_0.created_at,
        e1_0.date_of_birth,
        e1_0.date_of_joining,
        e1_0.department,
        e1_0.designation,
        e1_0.email,
        e1_0.employee_id,
        e1_0.first_name,
        e1_0.last_name,
        e1_0.password,
        e1_0.phone,
        e1_0.profile_picture,
        e1_0.role,
        e1_0.updated_at 
    from
        employees e1_0 
    where
        e1_0.email=?
]]></system-out>
    <system-err><![CDATA[WARNING: A Java agent has been loaded dynamically (C:\Users\hussa\.m2\repository\net\bytebuddy\byte-buddy-agent\1.14.13\byte-buddy-agent-1.14.13.jar)
WARNING: If a serviceability tool is in use, please run with -XX:+EnableDynamicAgentLoading to hide this warning
WARNING: If a serviceability tool is not in use, please run with -Djdk.instrument.traceUsage for more information
WARNING: Dynamic loading of agents will be disallowed by default in a future release
]]></system-err>
  </testcase>
  <testcase name="adminLoginTest" classname="com.hrms.HrmsApplicationTests" time="0.195">
    <system-out><![CDATA[Hibernate: 
    select
        e1_0.id,
        e1_0.active,
        e1_0.azure_oid,
        e1_0.basic_salary,
        e1_0.created_at,
        e1_0.date_of_birth,
        e1_0.date_of_joining,
        e1_0.department,
        e1_0.designation,
        e1_0.email,
        e1_0.employee_id,
        e1_0.first_name,
        e1_0.last_name,
        e1_0.password,
        e1_0.phone,
        e1_0.profile_picture,
        e1_0.role,
        e1_0.updated_at 
    from
        employees e1_0 
    where
        e1_0.email=?
Hibernate: 
    select
        e1_0.id,
        e1_0.active,
        e1_0.azure_oid,
        e1_0.basic_salary,
        e1_0.created_at,
        e1_0.date_of_birth,
        e1_0.date_of_joining,
        e1_0.department,
        e1_0.designation,
        e1_0.email,
        e1_0.employee_id,
        e1_0.first_name,
        e1_0.last_name,
        e1_0.password,
        e1_0.phone,
        e1_0.profile_picture,
        e1_0.role,
        e1_0.updated_at 
    from
        employees e1_0 
    where
        e1_0.email=?
]]></system-out>
  </testcase>
  <testcase name="contextLoads" classname="com.hrms.HrmsApplicationTests" time="0.013"/>
</testsuite>